CRITICAL - 2023-02-05 06:08:41 --> Call to undefined method App\Models\MahasiswaModel::getMahasiswa
in SYSTEMPATH\Model.php on line 841.
 1 APPPATH\Controllers\MahasiswaController.php(14): CodeIgniter\Model->__call('getMahasiswa', [])
 2 SYSTEMPATH\CodeIgniter.php(934): App\Controllers\MahasiswaController->index()
 3 SYSTEMPATH\CodeIgniter.php(499): CodeIgniter\CodeIgniter->runController(Object(App\Controllers\MahasiswaController))
 4 SYSTEMPATH\CodeIgniter.php(368): CodeIgniter\CodeIgniter->handleRequest(null, Object(Config\Cache), false)
 5 FCPATH\index.php(67): CodeIgniter\CodeIgniter->run()
 6 SYSTEMPATH\Commands\Server\rewrite.php(47): require_once('FCPATH\\index.php')
ERROR - 2023-02-05 06:10:19 --> mysqli_sql_exception: Table 'db_akademik.mahasiswa' doesn't exist in C:\xampp\htdocs\si_akademik\system\Database\MySQLi\Connection.php:295
Stack trace:
#0 C:\xampp\htdocs\si_akademik\system\Database\MySQLi\Connection.php(295): mysqli->query('SELECT * FROM m...', 0)
#1 C:\xampp\htdocs\si_akademik\system\Database\BaseConnection.php(691): CodeIgniter\Database\MySQLi\Connection->execute('SELECT * FROM m...')
#2 C:\xampp\htdocs\si_akademik\system\Database\BaseConnection.php(605): CodeIgniter\Database\BaseConnection->simpleQuery('SELECT * FROM m...')
#3 C:\xampp\htdocs\si_akademik\app\Models\MahasiswaModel.php(47): CodeIgniter\Database\BaseConnection->query('SELECT * FROM m...')
#4 C:\xampp\htdocs\si_akademik\app\Controllers\MahasiswaController.php(14): App\Models\MahasiswaModel->getMahasiswa()
#5 C:\xampp\htdocs\si_akademik\system\CodeIgniter.php(934): App\Controllers\MahasiswaController->index()
#6 C:\xampp\htdocs\si_akademik\system\CodeIgniter.php(499): CodeIgniter\CodeIgniter->runController(Object(App\Controllers\MahasiswaController))
#7 C:\xampp\htdocs\si_akademik\system\CodeIgniter.php(368): CodeIgniter\CodeIgniter->handleRequest(NULL, Object(Config\Cache), false)
#8 C:\xampp\htdocs\si_akademik\public\index.php(67): CodeIgniter\CodeIgniter->run()
#9 C:\xampp\htdocs\si_akademik\system\Commands\Server\rewrite.php(47): require_once('C:\\xampp\\htdocs...')
#10 {main}
CRITICAL - 2023-02-05 06:10:19 --> Table 'db_akademik.mahasiswa' doesn't exist
in SYSTEMPATH\Database\BaseConnection.php on line 645.
 1 APPPATH\Models\MahasiswaModel.php(47): CodeIgniter\Database\BaseConnection->query('SELECT * FROM mahasiswa')
 2 APPPATH\Controllers\MahasiswaController.php(14): App\Models\MahasiswaModel->getMahasiswa()
 3 SYSTEMPATH\CodeIgniter.php(934): App\Controllers\MahasiswaController->index()
 4 SYSTEMPATH\CodeIgniter.php(499): CodeIgniter\CodeIgniter->runController(Object(App\Controllers\MahasiswaController))
 5 SYSTEMPATH\CodeIgniter.php(368): CodeIgniter\CodeIgniter->handleRequest(null, Object(Config\Cache), false)
 6 FCPATH\index.php(67): CodeIgniter\CodeIgniter->run()
 7 SYSTEMPATH\Commands\Server\rewrite.php(47): require_once('FCPATH\\index.php')
ERROR - 2023-02-05 06:15:58 --> mysqli_sql_exception: Table 'db_akademik.mahasiswa' doesn't exist in C:\xampp\htdocs\si_akademik\system\Database\MySQLi\Connection.php:295
Stack trace:
#0 C:\xampp\htdocs\si_akademik\system\Database\MySQLi\Connection.php(295): mysqli->query('SELECT * FROM m...', 0)
#1 C:\xampp\htdocs\si_akademik\system\Database\BaseConnection.php(691): CodeIgniter\Database\MySQLi\Connection->execute('SELECT * FROM m...')
#2 C:\xampp\htdocs\si_akademik\system\Database\BaseConnection.php(605): CodeIgniter\Database\BaseConnection->simpleQuery('SELECT * FROM m...')
#3 C:\xampp\htdocs\si_akademik\app\Models\MahasiswaModel.php(47): CodeIgniter\Database\BaseConnection->query('SELECT * FROM m...')
#4 C:\xampp\htdocs\si_akademik\app\Controllers\MahasiswaController.php(14): App\Models\MahasiswaModel->getMahasiswa()
#5 C:\xampp\htdocs\si_akademik\system\CodeIgniter.php(934): App\Controllers\MahasiswaController->index()
#6 C:\xampp\htdocs\si_akademik\system\CodeIgniter.php(499): CodeIgniter\CodeIgniter->runController(Object(App\Controllers\MahasiswaController))
#7 C:\xampp\htdocs\si_akademik\system\CodeIgniter.php(368): CodeIgniter\CodeIgniter->handleRequest(NULL, Object(Config\Cache), false)
#8 C:\xampp\htdocs\si_akademik\public\index.php(67): CodeIgniter\CodeIgniter->run()
#9 C:\xampp\htdocs\si_akademik\system\Commands\Server\rewrite.php(47): require_once('C:\\xampp\\htdocs...')
#10 {main}
CRITICAL - 2023-02-05 06:15:58 --> Table 'db_akademik.mahasiswa' doesn't exist
in SYSTEMPATH\Database\BaseConnection.php on line 645.
 1 APPPATH\Models\MahasiswaModel.php(47): CodeIgniter\Database\BaseConnection->query('SELECT * FROM mahasiswa')
 2 APPPATH\Controllers\MahasiswaController.php(14): App\Models\MahasiswaModel->getMahasiswa()
 3 SYSTEMPATH\CodeIgniter.php(934): App\Controllers\MahasiswaController->index()
 4 SYSTEMPATH\CodeIgniter.php(499): CodeIgniter\CodeIgniter->runController(Object(App\Controllers\MahasiswaController))
 5 SYSTEMPATH\CodeIgniter.php(368): CodeIgniter\CodeIgniter->handleRequest(null, Object(Config\Cache), false)
 6 FCPATH\index.php(67): CodeIgniter\CodeIgniter->run()
 7 SYSTEMPATH\Commands\Server\rewrite.php(47): require_once('FCPATH\\index.php')
CRITICAL - 2023-02-05 06:16:17 --> Cannot use object of type stdClass as array
in APPPATH\Views\mahasiswa\index.php on line 28.
 1 SYSTEMPATH\View\View.php(213): include()
 2 SYSTEMPATH\View\View.php(216): CodeIgniter\View\View->CodeIgniter\View\{closure}()
 3 SYSTEMPATH\Common.php(1177): CodeIgniter\View\View->render('mahasiswa/index', [], true)
 4 APPPATH\Controllers\MahasiswaController.php(16): view('mahasiswa/index', [...])
 5 SYSTEMPATH\CodeIgniter.php(934): App\Controllers\MahasiswaController->index()
 6 SYSTEMPATH\CodeIgniter.php(499): CodeIgniter\CodeIgniter->runController(Object(App\Controllers\MahasiswaController))
 7 SYSTEMPATH\CodeIgniter.php(368): CodeIgniter\CodeIgniter->handleRequest(null, Object(Config\Cache), false)
 8 FCPATH\index.php(67): CodeIgniter\CodeIgniter->run()
 9 SYSTEMPATH\Commands\Server\rewrite.php(47): require_once('FCPATH\\index.php')
CRITICAL - 2023-02-05 06:20:24 --> Undefined variable $db
in APPPATH\Models\MahasiswaModel.php on line 50.
 1 APPPATH\Models\MahasiswaModel.php(50): CodeIgniter\Debug\Exceptions->errorHandler(2, 'Undefined variable $db', 'APPPATH\\Models\\MahasiswaModel.php', 50)
 2 APPPATH\Controllers\MahasiswaController.php(14): App\Models\MahasiswaModel->getMahasiswa()
 3 SYSTEMPATH\CodeIgniter.php(934): App\Controllers\MahasiswaController->index()
 4 SYSTEMPATH\CodeIgniter.php(499): CodeIgniter\CodeIgniter->runController(Object(App\Controllers\MahasiswaController))
 5 SYSTEMPATH\CodeIgniter.php(368): CodeIgniter\CodeIgniter->handleRequest(null, Object(Config\Cache), false)
 6 FCPATH\index.php(67): CodeIgniter\CodeIgniter->run()
 7 SYSTEMPATH\Commands\Server\rewrite.php(47): require_once('FCPATH\\index.php')
CRITICAL - 2023-02-05 06:22:39 --> Call to undefined method CodeIgniter\Database\MySQLi\Result::result()
in APPPATH\Models\MahasiswaModel.php on line 50.
 1 APPPATH\Controllers\MahasiswaController.php(14): App\Models\MahasiswaModel->getMahasiswa()
 2 SYSTEMPATH\CodeIgniter.php(934): App\Controllers\MahasiswaController->index()
 3 SYSTEMPATH\CodeIgniter.php(499): CodeIgniter\CodeIgniter->runController(Object(App\Controllers\MahasiswaController))
 4 SYSTEMPATH\CodeIgniter.php(368): CodeIgniter\CodeIgniter->handleRequest(null, Object(Config\Cache), false)
 5 FCPATH\index.php(67): CodeIgniter\CodeIgniter->run()
 6 SYSTEMPATH\Commands\Server\rewrite.php(47): require_once('FCPATH\\index.php')
CRITICAL - 2023-02-05 06:22:52 --> Cannot use object of type stdClass as array
in APPPATH\Views\mahasiswa\index.php on line 28.
 1 SYSTEMPATH\View\View.php(213): include()
 2 SYSTEMPATH\View\View.php(216): CodeIgniter\View\View->CodeIgniter\View\{closure}()
 3 SYSTEMPATH\Common.php(1177): CodeIgniter\View\View->render('mahasiswa/index', [], true)
 4 APPPATH\Controllers\MahasiswaController.php(16): view('mahasiswa/index', [...])
 5 SYSTEMPATH\CodeIgniter.php(934): App\Controllers\MahasiswaController->index()
 6 SYSTEMPATH\CodeIgniter.php(499): CodeIgniter\CodeIgniter->runController(Object(App\Controllers\MahasiswaController))
 7 SYSTEMPATH\CodeIgniter.php(368): CodeIgniter\CodeIgniter->handleRequest(null, Object(Config\Cache), false)
 8 FCPATH\index.php(67): CodeIgniter\CodeIgniter->run()
 9 SYSTEMPATH\Commands\Server\rewrite.php(47): require_once('FCPATH\\index.php')
CRITICAL - 2023-02-05 06:23:57 --> Cannot use object of type stdClass as array
in APPPATH\Views\mahasiswa\index.php on line 29.
 1 SYSTEMPATH\View\View.php(213): include()
 2 SYSTEMPATH\View\View.php(216): CodeIgniter\View\View->CodeIgniter\View\{closure}()
 3 SYSTEMPATH\Common.php(1177): CodeIgniter\View\View->render('mahasiswa/index', [], true)
 4 APPPATH\Controllers\MahasiswaController.php(16): view('mahasiswa/index', [...])
 5 SYSTEMPATH\CodeIgniter.php(934): App\Controllers\MahasiswaController->index()
 6 SYSTEMPATH\CodeIgniter.php(499): CodeIgniter\CodeIgniter->runController(Object(App\Controllers\MahasiswaController))
 7 SYSTEMPATH\CodeIgniter.php(368): CodeIgniter\CodeIgniter->handleRequest(null, Object(Config\Cache), false)
 8 FCPATH\index.php(67): CodeIgniter\CodeIgniter->run()
 9 SYSTEMPATH\Commands\Server\rewrite.php(47): require_once('FCPATH\\index.php')
CRITICAL - 2023-02-05 06:34:55 --> Undefined variable $title
in APPPATH\Views\mahasiswa\add.php on line 7.
 1 APPPATH\Views\mahasiswa\add.php(7): CodeIgniter\Debug\Exceptions->errorHandler(2, 'Undefined variable $title', 'APPPATH\\Views\\mahasiswa\\add.php', 7)
 2 SYSTEMPATH\View\View.php(213): include('APPPATH\\Views\\mahasiswa\\add.php')
 3 SYSTEMPATH\View\View.php(216): CodeIgniter\View\View->CodeIgniter\View\{closure}()
 4 SYSTEMPATH\Common.php(1177): CodeIgniter\View\View->render('mahasiswa/add', [], true)
 5 APPPATH\Controllers\MahasiswaController.php(21): view('mahasiswa/add')
 6 SYSTEMPATH\CodeIgniter.php(934): App\Controllers\MahasiswaController->add()
 7 SYSTEMPATH\CodeIgniter.php(499): CodeIgniter\CodeIgniter->runController(Object(App\Controllers\MahasiswaController))
 8 SYSTEMPATH\CodeIgniter.php(368): CodeIgniter\CodeIgniter->handleRequest(null, Object(Config\Cache), false)
 9 FCPATH\index.php(67): CodeIgniter\CodeIgniter->run()
10 SYSTEMPATH\Commands\Server\rewrite.php(47): require_once('FCPATH\\index.php')
WARNING - 2023-02-05 07:53:02 --> [DEPRECATED] Creation of dynamic property App\Controllers\MahasiswaController::$model is deprecated in APPPATH\Controllers\MahasiswaController.php on line 12.
 1 SYSTEMPATH\CodeIgniter.php(906): App\Controllers\MahasiswaController->__construct()
 2 SYSTEMPATH\CodeIgniter.php(490): CodeIgniter\CodeIgniter->createController()
 3 SYSTEMPATH\CodeIgniter.php(368): CodeIgniter\CodeIgniter->handleRequest(null, Object(Config\Cache), false)
 4 FCPATH\index.php(67): CodeIgniter\CodeIgniter->run()
 5 SYSTEMPATH\Commands\Server\rewrite.php(47): require_once('FCPATH\\index.php')
CRITICAL - 2023-02-05 07:53:02 --> Undefined variable $model
in APPPATH\Controllers\MahasiswaController.php on line 18.
 1 APPPATH\Controllers\MahasiswaController.php(18): CodeIgniter\Debug\Exceptions->errorHandler(2, 'Undefined variable $model', 'APPPATH\\Controllers\\MahasiswaController.php', 18)
 2 SYSTEMPATH\CodeIgniter.php(934): App\Controllers\MahasiswaController->index()
 3 SYSTEMPATH\CodeIgniter.php(499): CodeIgniter\CodeIgniter->runController(Object(App\Controllers\MahasiswaController))
 4 SYSTEMPATH\CodeIgniter.php(368): CodeIgniter\CodeIgniter->handleRequest(null, Object(Config\Cache), false)
 5 FCPATH\index.php(67): CodeIgniter\CodeIgniter->run()
 6 SYSTEMPATH\Commands\Server\rewrite.php(47): require_once('FCPATH\\index.php')
CRITICAL - 2023-02-05 07:53:14 --> Undefined variable $model
in APPPATH\Controllers\MahasiswaController.php on line 18.
 1 APPPATH\Controllers\MahasiswaController.php(18): CodeIgniter\Debug\Exceptions->errorHandler(2, 'Undefined variable $model', 'APPPATH\\Controllers\\MahasiswaController.php', 18)
 2 SYSTEMPATH\CodeIgniter.php(934): App\Controllers\MahasiswaController->index()
 3 SYSTEMPATH\CodeIgniter.php(499): CodeIgniter\CodeIgniter->runController(Object(App\Controllers\MahasiswaController))
 4 SYSTEMPATH\CodeIgniter.php(368): CodeIgniter\CodeIgniter->handleRequest(null, Object(Config\Cache), false)
 5 FCPATH\index.php(67): CodeIgniter\CodeIgniter->run()
 6 SYSTEMPATH\Commands\Server\rewrite.php(47): require_once('FCPATH\\index.php')
CRITICAL - 2023-02-05 07:53:15 --> Undefined variable $model
in APPPATH\Controllers\MahasiswaController.php on line 18.
 1 APPPATH\Controllers\MahasiswaController.php(18): CodeIgniter\Debug\Exceptions->errorHandler(2, 'Undefined variable $model', 'APPPATH\\Controllers\\MahasiswaController.php', 18)
 2 SYSTEMPATH\CodeIgniter.php(934): App\Controllers\MahasiswaController->index()
 3 SYSTEMPATH\CodeIgniter.php(499): CodeIgniter\CodeIgniter->runController(Object(App\Controllers\MahasiswaController))
 4 SYSTEMPATH\CodeIgniter.php(368): CodeIgniter\CodeIgniter->handleRequest(null, Object(Config\Cache), false)
 5 FCPATH\index.php(67): CodeIgniter\CodeIgniter->run()
 6 SYSTEMPATH\Commands\Server\rewrite.php(47): require_once('FCPATH\\index.php')
CRITICAL - 2023-02-05 07:59:19 --> Undefined variable $model
in APPPATH\Controllers\MahasiswaController.php on line 48.
 1 APPPATH\Controllers\MahasiswaController.php(48): CodeIgniter\Debug\Exceptions->errorHandler(2, 'Undefined variable $model', 'APPPATH\\Controllers\\MahasiswaController.php', 48)
 2 SYSTEMPATH\CodeIgniter.php(934): App\Controllers\MahasiswaController->edit('1')
 3 SYSTEMPATH\CodeIgniter.php(499): CodeIgniter\CodeIgniter->runController(Object(App\Controllers\MahasiswaController))
 4 SYSTEMPATH\CodeIgniter.php(368): CodeIgniter\CodeIgniter->handleRequest(null, Object(Config\Cache), false)
 5 FCPATH\index.php(67): CodeIgniter\CodeIgniter->run()
 6 SYSTEMPATH\Commands\Server\rewrite.php(47): require_once('FCPATH\\index.php')
