INFO - 2023-03-14 06:00:47 --> Session: Class initialized using 'CodeIgniter\Session\Handlers\FileHandler' driver.
INFO - 2023-03-14 06:00:53 --> Session: Class initialized using 'CodeIgniter\Session\Handlers\FileHandler' driver.
INFO - 2023-03-14 06:00:53 --> Session: Class initialized using 'CodeIgniter\Session\Handlers\FileHandler' driver.
INFO - 2023-03-14 06:00:55 --> Session: Class initialized using 'CodeIgniter\Session\Handlers\FileHandler' driver.
INFO - 2023-03-14 06:00:58 --> Session: Class initialized using 'CodeIgniter\Session\Handlers\FileHandler' driver.
CRITICAL - 2023-03-14 06:48:51 --> Class "App\Controllers\PegawaiModel" not found
in APPPATH\Controllers\BarangController.php on line 12.
 1 SYSTEMPATH\CodeIgniter.php(934): App\Controllers\BarangController->display()
 2 SYSTEMPATH\CodeIgniter.php(499): CodeIgniter\CodeIgniter->runController(Object(App\Controllers\BarangController))
 3 SYSTEMPATH\CodeIgniter.php(368): CodeIgniter\CodeIgniter->handleRequest(null, Object(Config\Cache), false)
 4 FCPATH\index.php(67): CodeIgniter\CodeIgniter->run()
 5 SYSTEMPATH\Commands\Server\rewrite.php(47): require_once('FCPATH\\index.php')
CRITICAL - 2023-03-14 06:49:04 --> syntax error, unexpected token "public", expecting end of file
in APPPATH\Models\BarangModel.php on line 44.
 1 SYSTEMPATH\Autoloader\Autoloader.php(289): CodeIgniter\Autoloader\Autoloader->includeFile('APPPATH\\Models\\BarangModel.php')
 2 SYSTEMPATH\Autoloader\Autoloader.php(267): CodeIgniter\Autoloader\Autoloader->loadInNamespace('App\\Models\\BarangModel')
 3 APPPATH\Controllers\BarangController.php(12): CodeIgniter\Autoloader\Autoloader->loadClass('App\\Models\\BarangModel')
 4 SYSTEMPATH\CodeIgniter.php(934): App\Controllers\BarangController->display()
 5 SYSTEMPATH\CodeIgniter.php(499): CodeIgniter\CodeIgniter->runController(Object(App\Controllers\BarangController))
 6 SYSTEMPATH\CodeIgniter.php(368): CodeIgniter\CodeIgniter->handleRequest(null, Object(Config\Cache), false)
 7 FCPATH\index.php(67): CodeIgniter\CodeIgniter->run()
 8 SYSTEMPATH\Commands\Server\rewrite.php(47): require_once('FCPATH\\index.php')
ERROR - 2023-03-14 06:49:39 --> mysqli_sql_exception: Table 'db_akademik.tbl_barang' doesn't exist in C:\xampp\htdocs\toko_online\system\Database\MySQLi\Connection.php:295
Stack trace:
#0 C:\xampp\htdocs\toko_online\system\Database\MySQLi\Connection.php(295): mysqli->query('SELECT * FROM t...', 0)
#1 C:\xampp\htdocs\toko_online\system\Database\BaseConnection.php(691): CodeIgniter\Database\MySQLi\Connection->execute('SELECT * FROM t...')
#2 C:\xampp\htdocs\toko_online\system\Database\BaseConnection.php(605): CodeIgniter\Database\BaseConnection->simpleQuery('SELECT * FROM t...')
#3 C:\xampp\htdocs\toko_online\app\Models\BarangModel.php(49): CodeIgniter\Database\BaseConnection->query('SELECT * FROM t...')
#4 C:\xampp\htdocs\toko_online\app\Controllers\BarangController.php(14): App\Models\BarangModel->getBarang()
#5 C:\xampp\htdocs\toko_online\system\CodeIgniter.php(934): App\Controllers\BarangController->display()
#6 C:\xampp\htdocs\toko_online\system\CodeIgniter.php(499): CodeIgniter\CodeIgniter->runController(Object(App\Controllers\BarangController))
#7 C:\xampp\htdocs\toko_online\system\CodeIgniter.php(368): CodeIgniter\CodeIgniter->handleRequest(NULL, Object(Config\Cache), false)
#8 C:\xampp\htdocs\toko_online\public\index.php(67): CodeIgniter\CodeIgniter->run()
#9 C:\xampp\htdocs\toko_online\system\Commands\Server\rewrite.php(47): require_once('C:\\xampp\\htdocs...')
#10 {main}
CRITICAL - 2023-03-14 06:49:39 --> Table 'db_akademik.tbl_barang' doesn't exist
in SYSTEMPATH\Database\BaseConnection.php on line 645.
 1 APPPATH\Models\BarangModel.php(49): CodeIgniter\Database\BaseConnection->query('SELECT * FROM tbl_barang')
 2 APPPATH\Controllers\BarangController.php(14): App\Models\BarangModel->getBarang()
 3 SYSTEMPATH\CodeIgniter.php(934): App\Controllers\BarangController->display()
 4 SYSTEMPATH\CodeIgniter.php(499): CodeIgniter\CodeIgniter->runController(Object(App\Controllers\BarangController))
 5 SYSTEMPATH\CodeIgniter.php(368): CodeIgniter\CodeIgniter->handleRequest(null, Object(Config\Cache), false)
 6 FCPATH\index.php(67): CodeIgniter\CodeIgniter->run()
 7 SYSTEMPATH\Commands\Server\rewrite.php(47): require_once('FCPATH\\index.php')
ERROR - 2023-03-14 06:49:59 --> mysqli_sql_exception: Table 'db_akademik.tbl_barang' doesn't exist in C:\xampp\htdocs\toko_online\system\Database\MySQLi\Connection.php:295
Stack trace:
#0 C:\xampp\htdocs\toko_online\system\Database\MySQLi\Connection.php(295): mysqli->query('SELECT * FROM t...', 0)
#1 C:\xampp\htdocs\toko_online\system\Database\BaseConnection.php(691): CodeIgniter\Database\MySQLi\Connection->execute('SELECT * FROM t...')
#2 C:\xampp\htdocs\toko_online\system\Database\BaseConnection.php(605): CodeIgniter\Database\BaseConnection->simpleQuery('SELECT * FROM t...')
#3 C:\xampp\htdocs\toko_online\app\Models\BarangModel.php(49): CodeIgniter\Database\BaseConnection->query('SELECT * FROM t...')
#4 C:\xampp\htdocs\toko_online\app\Controllers\BarangController.php(14): App\Models\BarangModel->getBarang()
#5 C:\xampp\htdocs\toko_online\system\CodeIgniter.php(934): App\Controllers\BarangController->display()
#6 C:\xampp\htdocs\toko_online\system\CodeIgniter.php(499): CodeIgniter\CodeIgniter->runController(Object(App\Controllers\BarangController))
#7 C:\xampp\htdocs\toko_online\system\CodeIgniter.php(368): CodeIgniter\CodeIgniter->handleRequest(NULL, Object(Config\Cache), false)
#8 C:\xampp\htdocs\toko_online\public\index.php(67): CodeIgniter\CodeIgniter->run()
#9 C:\xampp\htdocs\toko_online\system\Commands\Server\rewrite.php(47): require_once('C:\\xampp\\htdocs...')
#10 {main}
CRITICAL - 2023-03-14 06:49:59 --> Table 'db_akademik.tbl_barang' doesn't exist
in SYSTEMPATH\Database\BaseConnection.php on line 645.
 1 APPPATH\Models\BarangModel.php(49): CodeIgniter\Database\BaseConnection->query('SELECT * FROM tbl_barang')
 2 APPPATH\Controllers\BarangController.php(14): App\Models\BarangModel->getBarang()
 3 SYSTEMPATH\CodeIgniter.php(934): App\Controllers\BarangController->display()
 4 SYSTEMPATH\CodeIgniter.php(499): CodeIgniter\CodeIgniter->runController(Object(App\Controllers\BarangController))
 5 SYSTEMPATH\CodeIgniter.php(368): CodeIgniter\CodeIgniter->handleRequest(null, Object(Config\Cache), false)
 6 FCPATH\index.php(67): CodeIgniter\CodeIgniter->run()
 7 SYSTEMPATH\Commands\Server\rewrite.php(47): require_once('FCPATH\\index.php')
ERROR - 2023-03-14 06:50:00 --> mysqli_sql_exception: Table 'db_akademik.tbl_barang' doesn't exist in C:\xampp\htdocs\toko_online\system\Database\MySQLi\Connection.php:295
Stack trace:
#0 C:\xampp\htdocs\toko_online\system\Database\MySQLi\Connection.php(295): mysqli->query('SELECT * FROM t...', 0)
#1 C:\xampp\htdocs\toko_online\system\Database\BaseConnection.php(691): CodeIgniter\Database\MySQLi\Connection->execute('SELECT * FROM t...')
#2 C:\xampp\htdocs\toko_online\system\Database\BaseConnection.php(605): CodeIgniter\Database\BaseConnection->simpleQuery('SELECT * FROM t...')
#3 C:\xampp\htdocs\toko_online\app\Models\BarangModel.php(49): CodeIgniter\Database\BaseConnection->query('SELECT * FROM t...')
#4 C:\xampp\htdocs\toko_online\app\Controllers\BarangController.php(14): App\Models\BarangModel->getBarang()
#5 C:\xampp\htdocs\toko_online\system\CodeIgniter.php(934): App\Controllers\BarangController->display()
#6 C:\xampp\htdocs\toko_online\system\CodeIgniter.php(499): CodeIgniter\CodeIgniter->runController(Object(App\Controllers\BarangController))
#7 C:\xampp\htdocs\toko_online\system\CodeIgniter.php(368): CodeIgniter\CodeIgniter->handleRequest(NULL, Object(Config\Cache), false)
#8 C:\xampp\htdocs\toko_online\public\index.php(67): CodeIgniter\CodeIgniter->run()
#9 C:\xampp\htdocs\toko_online\system\Commands\Server\rewrite.php(47): require_once('C:\\xampp\\htdocs...')
#10 {main}
CRITICAL - 2023-03-14 06:50:00 --> Table 'db_akademik.tbl_barang' doesn't exist
in SYSTEMPATH\Database\BaseConnection.php on line 645.
 1 APPPATH\Models\BarangModel.php(49): CodeIgniter\Database\BaseConnection->query('SELECT * FROM tbl_barang')
 2 APPPATH\Controllers\BarangController.php(14): App\Models\BarangModel->getBarang()
 3 SYSTEMPATH\CodeIgniter.php(934): App\Controllers\BarangController->display()
 4 SYSTEMPATH\CodeIgniter.php(499): CodeIgniter\CodeIgniter->runController(Object(App\Controllers\BarangController))
 5 SYSTEMPATH\CodeIgniter.php(368): CodeIgniter\CodeIgniter->handleRequest(null, Object(Config\Cache), false)
 6 FCPATH\index.php(67): CodeIgniter\CodeIgniter->run()
 7 SYSTEMPATH\Commands\Server\rewrite.php(47): require_once('FCPATH\\index.php')
CRITICAL - 2023-03-14 06:50:28 --> Undefined variable $getPegawai
in APPPATH\Views\barang\display.php on line 27.
 1 APPPATH\Views\barang\display.php(27): CodeIgniter\Debug\Exceptions->errorHandler(2, 'Undefined variable $getPegawai', 'APPPATH\\Views\\barang\\display.php', 27)
 2 SYSTEMPATH\View\View.php(213): include('APPPATH\\Views\\barang\\display.php')
 3 SYSTEMPATH\View\View.php(216): CodeIgniter\View\View->CodeIgniter\View\{closure}()
 4 SYSTEMPATH\Common.php(1177): CodeIgniter\View\View->render('barang/display', [], true)
 5 APPPATH\Controllers\BarangController.php(18): view('barang/display', [...])
 6 SYSTEMPATH\CodeIgniter.php(934): App\Controllers\BarangController->display()
 7 SYSTEMPATH\CodeIgniter.php(499): CodeIgniter\CodeIgniter->runController(Object(App\Controllers\BarangController))
 8 SYSTEMPATH\CodeIgniter.php(368): CodeIgniter\CodeIgniter->handleRequest(null, Object(Config\Cache), false)
 9 FCPATH\index.php(67): CodeIgniter\CodeIgniter->run()
10 SYSTEMPATH\Commands\Server\rewrite.php(47): require_once('FCPATH\\index.php')
